<?xml version="1.0" encoding="UTF-8"?>
<testng-results ignored="0" total="3" passed="3" failed="0" skipped="0">
  <reporter-output>
  </reporter-output>
  <suite started-at="2023-10-10T06:11:29 IST" name="All Test Suite" finished-at="2023-10-10T06:12:08 IST" duration-ms="39143">
    <groups>
      <group name="PassValidation">
        <method signature="LoginPageErrorValidation.PasswordFieldValidation()[pri:0, instance:org.Test.LoginPageErrorValidation@1ab3a8c8]" name="PasswordFieldValidation" class="org.Test.LoginPageErrorValidation"/>
      </group> <!-- PassValidation -->
    </groups>
    <test started-at="2023-10-10T06:11:29 IST" name="Login Validations" finished-at="2023-10-10T06:11:47 IST" duration-ms="18580">
      <class name="org.Test.LoginPageErrorValidation">
        <test-method is-config="true" signature="launchApplication()[pri:0, instance:org.Test.LoginPageErrorValidation@1ab3a8c8]" started-at="2023-10-10T06:11:29 IST" name="launchApplication" finished-at="2023-10-10T06:11:38 IST" duration-ms="9102" status="PASS">
          <reporter-output>
          </reporter-output>
        </test-method> <!-- launchApplication -->
        <test-method signature="UserPassValidation()[pri:0, instance:org.Test.LoginPageErrorValidation@1ab3a8c8]" started-at="2023-10-10T06:11:38 IST" name="UserPassValidation" finished-at="2023-10-10T06:11:39 IST" duration-ms="1044" status="PASS">
          <reporter-output>
          </reporter-output>
        </test-method> <!-- UserPassValidation -->
        <test-method is-config="true" signature="teardown()[pri:0, instance:org.Test.LoginPageErrorValidation@1ab3a8c8]" started-at="2023-10-10T06:11:39 IST" name="teardown" finished-at="2023-10-10T06:11:39 IST" duration-ms="60" status="PASS">
          <reporter-output>
          </reporter-output>
        </test-method> <!-- teardown -->
        <test-method is-config="true" signature="launchApplication()[pri:0, instance:org.Test.LoginPageErrorValidation@1ab3a8c8]" started-at="2023-10-10T06:11:39 IST" name="launchApplication" finished-at="2023-10-10T06:11:47 IST" duration-ms="7678" status="PASS">
          <reporter-output>
          </reporter-output>
        </test-method> <!-- launchApplication -->
        <test-method signature="PasswordFieldValidation()[pri:0, instance:org.Test.LoginPageErrorValidation@1ab3a8c8]" started-at="2023-10-10T06:11:47 IST" name="PasswordFieldValidation" finished-at="2023-10-10T06:11:47 IST" duration-ms="586" status="PASS">
          <reporter-output>
          </reporter-output>
        </test-method> <!-- PasswordFieldValidation -->
        <test-method is-config="true" signature="teardown()[pri:0, instance:org.Test.LoginPageErrorValidation@1ab3a8c8]" started-at="2023-10-10T06:11:47 IST" name="teardown" finished-at="2023-10-10T06:11:47 IST" duration-ms="35" status="PASS">
          <reporter-output>
          </reporter-output>
        </test-method> <!-- teardown -->
      </class> <!-- org.Test.LoginPageErrorValidation -->
    </test> <!-- Login Validations -->
    <test started-at="2023-10-10T06:11:47 IST" name="LoginPage" finished-at="2023-10-10T06:12:08 IST" duration-ms="20533">
      <class name="org.Test.LoginPage">
        <test-method is-config="true" signature="launchApplication()[pri:0, instance:org.Test.LoginPage@4550bb58]" started-at="2023-10-10T06:11:47 IST" name="launchApplication" finished-at="2023-10-10T06:11:55 IST" duration-ms="7543" status="PASS">
          <reporter-output>
          </reporter-output>
        </test-method> <!-- launchApplication -->
        <test-method signature="newOrder()[pri:0, instance:org.Test.LoginPage@4550bb58]" started-at="2023-10-10T06:11:55 IST" name="newOrder" finished-at="2023-10-10T06:12:08 IST" duration-ms="12940" status="PASS">
          <reporter-output>
          </reporter-output>
        </test-method> <!-- newOrder -->
        <test-method is-config="true" signature="teardown()[pri:0, instance:org.Test.LoginPage@4550bb58]" started-at="2023-10-10T06:12:08 IST" name="teardown" finished-at="2023-10-10T06:12:08 IST" duration-ms="46" status="PASS">
          <reporter-output>
          </reporter-output>
        </test-method> <!-- teardown -->
      </class> <!-- org.Test.LoginPage -->
    </test> <!-- LoginPage -->
  </suite> <!-- All Test Suite -->
</testng-results>
