<?xml version="1.0" encoding="UTF-8"?>
<!-- Generated by org.testng.reporters.JUnitXMLReporter -->
<testsuite ignored="0" hostname="DESKTOP-L907V03" failures="0" tests="2" name="Login Validations" time="18.58" errors="0" timestamp="2023-10-10T06:11:47 IST">
  <testcase classname="org.Test.LoginPageErrorValidation" name="UserPassValidation" time="1.044"/>
  <testcase classname="org.Test.LoginPageErrorValidation" name="PasswordFieldValidation" time="0.586"/>
</testsuite> <!-- Login Validations -->
